2022/02/17 19:41:33 [error] [exception.CException] exception 'CException' with message 'Путь CAssetManager.basePath "/application/assets" задан неверно. Удостоверьтесь, что директория существует и доступна для записи пользователю, под которым запущен веб-сервер.' in /application/framework/web/CAssetManager.php:138
Stack trace:
#0 /application/framework/web/CAssetManager.php(123): CAssetManager->setBasePath('/application/as...')
#1 /application/framework/web/CAssetManager.php(217): CAssetManager->getBasePath()
#2 /application/framework/web/CClientScript.php(511): CAssetManager->publish('framework//web/...')
#3 /application/framework/web/CClientScript.php(548): CClientScript->getCoreScriptUrl()
#4 /application/framework/web/CClientScript.php(349): CClientScript->getPackageBaseUrl('jquery')
#5 /application/framework/web/CClientScript.php(208): CClientScript->renderCoreScripts()
#6 /application/framework/web/CController.php(352): CClientScript->render('<!DOCTYPE html>...')
#7 /application/framework/web/CController.php(791): CController->processOutput('<!DOCTYPE html>...')
#8 /application/protected/controllers/AuthController.php(51): CController->render('login', Array)
#9 /application/framework/web/actions/CInlineAction.php(49): AuthController->actionLogin()
#10 /application/framework/web/CController.php(308): CInlineAction->runWithParams(Array)
#11 /application/framework/web/CController.php(286): CController->runAction(Object(CInlineAction))
#12 /application/framework/web/CController.php(265): CController->runActionWithFilters(Object(CInlineAction), Array)
#13 /application/framework/web/CWebApplication.php(282): CController->run('login')
#14 /application/framework/web/CController.php(755): CWebApplication->runController('/auth/login')
#15 /application/protected/controllers/SiteController.php(23): CController->forward('/auth/login')
#16 /application/framework/web/actions/CInlineAction.php(49): SiteController->actionIndex()
#17 /application/framework/web/CController.php(308): CInlineAction->runWithParams(Array)
#18 /application/framework/web/CController.php(286): CController->runAction(Object(CInlineAction))
#19 /application/framework/web/CController.php(265): CController->runActionWithFilters(Object(CInlineAction), Array)
#20 /application/framework/web/CWebApplication.php(282): CController->run('')
#21 /application/framework/web/CWebApplication.php(141): CWebApplication->runController('')
#22 /application/framework/base/CApplication.php(185): CWebApplication->processRequest()
#23 /application/index.php(9): CApplication->run()
#24 {main}
REQUEST_URI=/
---
in /application/framework/base/CApplication.php (740)
2022/02/17 19:42:14 [error] [exception.CException] exception 'CException' with message 'Путь CAssetManager.basePath "/application/assets" задан неверно. Удостоверьтесь, что директория существует и доступна для записи пользователю, под которым запущен веб-сервер.' in /application/framework/web/CAssetManager.php:138
Stack trace:
#0 /application/framework/web/CAssetManager.php(123): CAssetManager->setBasePath('/application/as...')
#1 /application/framework/web/CAssetManager.php(217): CAssetManager->getBasePath()
#2 /application/framework/web/CClientScript.php(511): CAssetManager->publish('framework//web/...')
#3 /application/framework/web/CClientScript.php(548): CClientScript->getCoreScriptUrl()
#4 /application/framework/web/CClientScript.php(349): CClientScript->getPackageBaseUrl('jquery')
#5 /application/framework/web/CClientScript.php(208): CClientScript->renderCoreScripts()
#6 /application/framework/web/CController.php(352): CClientScript->render('<!DOCTYPE html>...')
#7 /application/framework/web/CController.php(791): CController->processOutput('<!DOCTYPE html>...')
#8 /application/protected/controllers/AuthController.php(51): CController->render('login', Array)
#9 /application/framework/web/actions/CInlineAction.php(49): AuthController->actionLogin()
#10 /application/framework/web/CController.php(308): CInlineAction->runWithParams(Array)
#11 /application/framework/web/CController.php(286): CController->runAction(Object(CInlineAction))
#12 /application/framework/web/CController.php(265): CController->runActionWithFilters(Object(CInlineAction), Array)
#13 /application/framework/web/CWebApplication.php(282): CController->run('login')
#14 /application/framework/web/CController.php(755): CWebApplication->runController('/auth/login')
#15 /application/protected/controllers/SiteController.php(23): CController->forward('/auth/login')
#16 /application/framework/web/actions/CInlineAction.php(49): SiteController->actionIndex()
#17 /application/framework/web/CController.php(308): CInlineAction->runWithParams(Array)
#18 /application/framework/web/CController.php(286): CController->runAction(Object(CInlineAction))
#19 /application/framework/web/CController.php(265): CController->runActionWithFilters(Object(CInlineAction), Array)
#20 /application/framework/web/CWebApplication.php(282): CController->run('')
#21 /application/framework/web/CWebApplication.php(141): CWebApplication->runController('')
#22 /application/framework/base/CApplication.php(185): CWebApplication->processRequest()
#23 /application/index.php(9): CApplication->run()
#24 {main}
REQUEST_URI=/
---
in /application/framework/base/CApplication.php (740)
