2022/03/07 15:42:40 [profile] [debug] FIND USER BY LOGIN:тест тест тсет
2022/03/07 15:42:40 [profile] [debug] NOT FOUND USER:тест тест тсет
2022/03/07 15:42:40 [profile] [debug] CREATE USER ERR:Необходимо заполнить поле «Кодовое слов».
2022/03/16 18:45:11 [profile] [debug] FIND USER BY LOGIN:тест тест тсет
2022/03/16 18:45:11 [profile] [debug] NOT FOUND USER:тест тест тсет
2022/03/16 18:45:11 [profile] [debug] CREATE USER ERR:Необходимо заполнить поле «Кодовое слов».
2022/03/16 18:46:39 [profile] [debug] FIND USER BY LOGIN:тест тест тсет
2022/03/16 18:46:39 [profile] [debug] NOT FOUND USER:тест тест тсет
2022/03/16 18:46:39 [profile] [debug] CREATE USER ERR:Необходимо заполнить поле «Кодовое слов».
2022/03/16 18:46:47 [profile] [debug] FIND USER BY LOGIN:тест тест тсет
2022/03/16 18:46:47 [profile] [debug] NOT FOUND USER:тест тест тсет
2022/03/16 18:46:47 [profile] [debug] CREATE USER ERR:Необходимо заполнить поле «Кодовое слов».
2022/03/16 18:47:39 [profile] [debug] FIND USER BY LOGIN:тест тест тсет
2022/03/16 18:47:39 [profile] [debug] NOT FOUND USER:тест тест тсет
2022/03/16 18:47:39 [profile] [debug] CREATE USER ERR:Необходимо заполнить поле «Кодовое слов».
2022/03/16 18:48:44 [profile] [debug] FIND USER BY LOGIN:тест тест тест
2022/03/16 18:48:44 [profile] [debug] NOT FOUND USER:тест тест тест
2022/03/16 18:48:44 [profile] [debug] CREATE USER ERR:Необходимо заполнить поле «Кодовое слов».
2022/03/16 18:50:10 [profile] [debug] FIND USER BY LOGIN:тест тест тест
2022/03/16 18:50:10 [profile] [debug] NOT FOUND USER:тест тест тест
2022/03/16 18:50:10 [profile] [debug] CREATE USER ERR:Необходимо заполнить поле «Кодовое слов».
2022/03/16 18:50:22 [profile] [debug] FIND USER BY LOGIN:тест тест тест
2022/03/16 18:50:22 [profile] [debug] NOT FOUND USER:тест тест тест
2022/03/16 18:50:22 [profile] [debug] CREATE USER ERR:Необходимо заполнить поле «Кодовое слов».
2022/03/16 18:51:42 [profile] [debug] FIND USER BY LOGIN:тест тест тест
2022/03/16 18:51:42 [profile] [debug] NOT FOUND USER:тест тест тест
2022/03/16 18:51:42 [profile] [debug] CREATE USER ERR:Необходимо заполнить поле «Кодовое слов».
2022/03/16 18:53:48 [profile] [debug] FIND USER BY LOGIN:тест тест тест
2022/03/16 18:53:48 [profile] [debug] NOT FOUND USER:тест тест тест
2022/03/16 18:53:48 [profile] [debug] CREATE USER ERR:Необходимо заполнить поле «Кодовое слов».
2022/03/16 18:55:31 [profile] [debug] FIND USER BY LOGIN:тест тест тест
2022/03/16 18:55:31 [profile] [debug] NOT FOUND USER:тест тест тест
2022/03/16 18:55:31 [profile] [debug] CREATE USER ERR:Необходимо заполнить поле «Кодовое слов».
2022/03/16 18:58:01 [profile] [debug] FIND USER BY LOGIN:тест тест тест
2022/03/16 18:58:01 [profile] [debug] NOT FOUND USER:тест тест тест
2022/03/16 18:58:01 [profile] [debug] CREATE USER ERR:Необходимо заполнить поле «Кодовое слов».
2022/03/16 18:58:05 [profile] [debug] FIND USER BY LOGIN:тест тест тест
2022/03/16 18:58:05 [profile] [debug] NOT FOUND USER:тест тест тест
2022/03/16 18:58:05 [profile] [debug] CREATE USER ERR:Необходимо заполнить поле «Кодовое слов».
2022/03/16 18:58:57 [profile] [debug] FIND USER BY LOGIN:тест тест тест
2022/03/16 18:58:57 [profile] [debug] NOT FOUND USER:тест тест тест
2022/03/16 18:58:57 [profile] [debug] CREATE USER ERR:Необходимо заполнить поле «Кодовое слов».
2022/03/16 18:59:05 [profile] [debug] FIND USER BY LOGIN:тест тест тест
2022/03/16 18:59:05 [profile] [debug] NOT FOUND USER:тест тест тест
2022/03/16 18:59:05 [profile] [debug] CREATE USER ERR:Необходимо заполнить поле «Кодовое слов».
2022/03/16 19:01:35 [profile] [debug] FIND USER BY LOGIN:тест тест тест
2022/03/16 19:01:35 [profile] [debug] NOT FOUND USER:тест тест тест
2022/03/16 19:01:35 [profile] [debug] CREATE USER ERR:Необходимо заполнить поле «Кодовое слов».
2022/03/16 19:02:06 [profile] [debug] FIND USER BY LOGIN:тест тест тест
2022/03/16 19:02:06 [profile] [debug] NOT FOUND USER:тест тест тест
2022/03/16 19:02:06 [profile] [debug] CREATE USER ERR:Необходимо заполнить поле «Кодовое слов».
2022/03/16 19:05:35 [profile] [debug] FIND USER BY LOGIN:тест тест тест
2022/03/16 19:05:35 [profile] [debug] NOT FOUND USER:тест тест тест
2022/03/16 19:05:35 [profile] [debug] CREATE USER ERR:Необходимо заполнить поле «Кодовое слов».
2022/03/16 19:09:37 [profile] [debug] FIND USER BY LOGIN:тест тест тест
2022/03/16 19:09:37 [profile] [debug] NOT FOUND USER:тест тест тест
2022/03/16 19:09:37 [profile] [debug] CREATE USER ERR:Необходимо заполнить поле «Кодовое слов».
2022/03/16 19:23:40 [profile] [debug] FIND USER BY LOGIN:тест тест тест
2022/03/16 19:23:40 [profile] [debug] NOT FOUND USER:тест тест тест
2022/03/16 19:23:40 [profile] [debug] CREATE USER ERR:Необходимо заполнить поле «Кодовое слов».
2022/03/16 19:29:40 [profile] [debug] FIND USER BY LOGIN:тест тест тест
2022/03/16 19:29:40 [profile] [debug] NOT FOUND USER:тест тест тест
2022/03/16 19:29:40 [profile] [debug] CREATE USER ERR:Необходимо заполнить поле «Кодовое слов2».
2022/03/16 19:35:11 [profile] [debug] FIND USER BY LOGIN:тест тест тест
2022/03/16 19:35:11 [profile] [debug] NOT FOUND USER:тест тест тест
2022/03/16 19:35:11 [profile] [debug] CREATE USER ERR:Необходимо заполнить поле «Кодовое слов2».
2022/03/16 19:43:12 [profile] [debug] FIND USER BY LOGIN:тест тест тест
2022/03/16 19:43:12 [profile] [debug] NOT FOUND USER:тест тест тест
2022/03/16 19:43:12 [profile] [debug] CREATE USER ERR:Необходимо заполнить поле «Кодовое слов2».
2022/03/16 19:43:32 [profile] [debug] FIND USER BY LOGIN:тест тест тест
2022/03/16 19:43:32 [profile] [debug] NOT FOUND USER:тест тест тест
2022/03/16 19:43:32 [profile] [debug] CREATE USER ERR:Необходимо заполнить поле «Кодовое слов2».
2022/03/16 19:55:00 [profile] [debug] FIND USER BY LOGIN:тест тест тест
2022/03/16 19:55:00 [profile] [debug] NOT FOUND USER:тест тест тест
2022/03/16 19:55:00 [profile] [debug] CREATE USER ERR:Необходимо заполнить поле «Кодовое слов2».
2022/03/16 19:56:20 [profile] [debug] FIND USER BY LOGIN:тест тест тест
2022/03/16 19:56:20 [profile] [debug] NOT FOUND USER:тест тест тест
2022/03/16 19:56:20 [profile] [debug] CREATE USER ERR:Необходимо заполнить поле «Кодовое слов2».
2022/03/16 19:56:26 [profile] [debug] FIND USER BY LOGIN:тест тест тест
2022/03/16 19:56:26 [profile] [debug] NOT FOUND USER:тест тест тест
2022/03/16 19:56:26 [profile] [debug] CREATE USER ERR:Необходимо заполнить поле «Кодовое слов2».
2022/03/16 19:57:35 [profile] [debug] FIND USER BY LOGIN:тест тест тест
2022/03/16 19:57:35 [profile] [debug] NOT FOUND USER:тест тест тест
2022/03/16 19:57:35 [profile] [debug] CREATE USER ERR:Необходимо заполнить поле «Кодовое слов2».
2022/03/16 20:21:47 [profile] [debug] FIND USER BY LOGIN:тест тест тест
2022/03/16 20:21:47 [profile] [debug] NOT FOUND USER:тест тест тест
2022/03/16 20:21:47 [profile] [debug] CREATE USER ERR:Необходимо заполнить поле «Кодовое слов2».
2022/03/16 20:23:35 [profile] [debug] FIND USER BY LOGIN:тест тест тест
2022/03/16 20:23:35 [profile] [debug] NOT FOUND USER:тест тест тест
2022/03/16 20:23:35 [profile] [debug] CREATE USER ERR:Необходимо заполнить поле «Кодовое слов2».
2022/03/16 20:24:15 [profile] [debug] FIND USER BY LOGIN:тест тест тест
2022/03/16 20:24:15 [profile] [debug] NOT FOUND USER:тест тест тест
2022/03/16 20:24:15 [profile] [debug] CREATE USER ERR:Необходимо заполнить поле «Кодовое слов2».
2022/03/16 20:25:41 [profile] [debug] FIND USER BY LOGIN:тест тест тест
2022/03/16 20:25:41 [profile] [debug] NOT FOUND USER:тест тест тест
2022/03/16 20:25:41 [profile] [debug] CREATE USER ERR:Необходимо заполнить поле «Кодовое слов2».
2022/03/16 20:26:31 [profile] [debug] FIND USER BY LOGIN:тест тест тест
2022/03/16 20:26:31 [profile] [debug] NOT FOUND USER:тест тест тест
2022/03/16 20:26:31 [profile] [debug] CREATE USER ERR:Необходимо заполнить поле «Кодовое слов2».
2022/03/16 20:27:36 [profile] [debug] FIND USER BY LOGIN:тест тест тест
2022/03/16 20:27:36 [profile] [debug] NOT FOUND USER:тест тест тест
2022/03/16 20:27:36 [profile] [debug] CREATE USER ERR:Необходимо заполнить поле «Кодовое слов2».
2022/03/16 20:29:01 [profile] [debug] FIND USER BY LOGIN:тест тест тест
2022/03/16 20:29:01 [profile] [debug] NOT FOUND USER:тест тест тест
2022/03/16 20:29:01 [profile] [debug] CREATE USER ERR:Необходимо заполнить поле «Кодовое слов2».
2022/03/16 20:35:16 [profile] [debug] FIND USER BY LOGIN:тест тест тест
2022/03/16 20:35:16 [profile] [debug] NOT FOUND USER:тест тест тест
2022/03/16 20:35:16 [profile] [debug] CREATE USER ERR:Необходимо заполнить поле «Кодовое слов2».
2022/03/16 20:36:16 [profile] [debug] FIND USER BY LOGIN:тест тест тест
2022/03/16 20:36:16 [profile] [debug] NOT FOUND USER:тест тест тест
2022/03/16 20:36:16 [profile] [debug] CREATE USER ERR:Необходимо заполнить поле «Кодовое слов2».
2022/03/16 20:40:43 [profile] [debug] FIND USER BY LOGIN:тест тест тест
2022/03/16 20:40:43 [profile] [debug] NOT FOUND USER:тест тест тест
2022/03/16 20:40:43 [profile] [debug] CREATE USER ERR:Необходимо заполнить поле «Кодовое слов2».
2022/03/16 20:41:16 [profile] [debug] FIND USER BY LOGIN:тест тест тест
2022/03/16 20:41:16 [profile] [debug] NOT FOUND USER:тест тест тест
2022/03/16 20:41:16 [profile] [debug] CREATE USER ERR:Необходимо заполнить поле «Кодовое слов2».
2022/03/16 20:42:18 [profile] [debug] FIND USER BY LOGIN:тест тест тест
2022/03/16 20:42:18 [profile] [debug] NOT FOUND USER:тест тест тест
2022/03/16 20:42:18 [profile] [debug] CREATE USER ERR:Необходимо заполнить поле «Кодовое слов2».
2022/03/16 20:44:05 [profile] [debug] FIND USER BY LOGIN:тест тест тест
2022/03/16 20:44:05 [profile] [debug] NOT FOUND USER:тест тест тест
2022/03/16 20:44:05 [profile] [debug] CREATE USER ERR:Необходимо заполнить поле «Кодовое слов2».
2022/03/16 20:44:35 [profile] [debug] FIND USER BY LOGIN:тест тест тест
2022/03/16 20:44:35 [profile] [debug] NOT FOUND USER:тест тест тест
2022/03/16 20:44:35 [profile] [debug] CREATE USER ERR:Необходимо заполнить поле «Кодовое слов2».
2022/03/16 20:45:15 [profile] [debug] FIND USER BY LOGIN:тест тест тест
2022/03/16 20:45:15 [profile] [debug] NOT FOUND USER:тест тест тест
2022/03/16 20:45:15 [profile] [debug] CREATE USER ERR:Необходимо заполнить поле «Кодовое слов2».
2022/03/17 20:54:42 [profile] [debug] FIND USER BY LOGIN:тест тест тест
2022/03/17 20:54:42 [profile] [debug] NOT FOUND USER:тест тест тест
2022/03/17 20:54:42 [profile] [debug] CREATE USER ERR:Необходимо заполнить поле «Кодовое слов2».
2022/03/17 21:06:23 [profile] [debug] FIND USER BY LOGIN:тест тест тест
2022/03/17 21:06:23 [profile] [debug] NOT FOUND USER:тест тест тест
2022/03/17 21:06:23 [profile] [debug] CREATE USER ERR:Необходимо заполнить поле «Кодовое слов2».
2022/03/17 21:06:44 [profile] [debug] FIND USER BY LOGIN:тест тест тест
2022/03/17 21:06:44 [profile] [debug] NOT FOUND USER:тест тест тест
2022/03/17 21:06:44 [profile] [debug] CREATE USER ERR:Необходимо заполнить поле «Кодовое слов2».
2022/03/17 21:13:05 [profile] [debug] FIND USER BY LOGIN:тест тест тест
2022/03/17 21:13:05 [profile] [debug] NOT FOUND USER:тест тест тест
2022/03/17 21:13:05 [profile] [debug] CREATE USER ERR:Необходимо заполнить поле «Кодовое слов2».
2022/03/17 21:13:38 [profile] [debug] FIND USER BY LOGIN:тест тест тест
2022/03/17 21:13:38 [profile] [debug] NOT FOUND USER:тест тест тест
2022/03/17 21:13:38 [profile] [debug] CREATE USER ERR:Необходимо заполнить поле «Кодовое слов2».
2022/03/17 21:14:40 [profile] [debug] FIND USER BY LOGIN:тест тест тест
2022/03/17 21:14:40 [profile] [debug] NOT FOUND USER:тест тест тест
2022/03/17 21:14:40 [profile] [debug] CREATE USER ERR:Необходимо заполнить поле «Кодовое слов2».
2022/03/17 21:16:56 [profile] [debug] FIND USER BY LOGIN:тест тест тест
2022/03/17 21:16:56 [profile] [debug] NOT FOUND USER:тест тест тест
2022/03/17 21:16:56 [profile] [debug] CREATE USER ERR:Необходимо заполнить поле «Кодовое слов2».
2022/03/17 21:17:03 [profile] [debug] FIND USER BY LOGIN:тест тест тест
2022/03/17 21:17:03 [profile] [debug] NOT FOUND USER:тест тест тест
2022/03/17 21:17:03 [profile] [debug] CREATE USER ERR:Необходимо заполнить поле «Кодовое слов2».
2022/03/17 21:17:09 [profile] [debug] FIND USER BY LOGIN:тест тест тест
2022/03/17 21:17:09 [profile] [debug] NOT FOUND USER:тест тест тест
2022/03/17 21:17:09 [profile] [debug] CREATE USER ERR:Необходимо заполнить поле «Кодовое слов2».
2022/03/17 21:37:37 [profile] [debug] FIND USER BY LOGIN:тест тест тест
2022/03/17 21:37:37 [profile] [debug] NOT FOUND USER:тест тест тест
2022/03/17 21:37:37 [profile] [debug] CREATE USER ERR:Необходимо заполнить поле «Кодовое слов2».
2022/03/17 21:39:19 [profile] [debug] FIND USER BY LOGIN:тест тест тест
2022/03/17 21:39:19 [profile] [debug] NOT FOUND USER:тест тест тест
2022/03/17 21:39:19 [profile] [debug] CREATE USER ERR:Необходимо заполнить поле «Кодовое слов2».
2022/03/17 21:53:52 [profile] [debug] FIND USER BY LOGIN:тест тест тест
2022/03/17 21:53:52 [profile] [debug] NOT FOUND USER:тест тест тест
2022/03/17 21:53:52 [profile] [debug] CREATE USER ERR:Необходимо заполнить поле «Кодовое слов2».
2022/03/17 21:56:23 [profile] [debug] FIND USER BY LOGIN:тест тест тест
2022/03/17 21:56:23 [profile] [debug] NOT FOUND USER:тест тест тест
2022/03/17 21:56:23 [profile] [debug] CREATE USER ERR:Необходимо заполнить поле «Кодовое слов2».
2022/03/17 21:57:09 [profile] [debug] FIND USER BY LOGIN:тест тест тест
2022/03/17 21:57:09 [profile] [debug] NOT FOUND USER:тест тест тест
2022/03/17 21:57:09 [profile] [debug] CREATE USER ERR:Необходимо заполнить поле «Кодовое слов2».
2022/03/17 21:58:49 [profile] [debug] FIND USER BY LOGIN:тест тест тест
2022/03/17 21:58:49 [profile] [debug] NOT FOUND USER:тест тест тест
2022/03/17 21:58:49 [profile] [debug] CREATE USER ERR:Необходимо заполнить поле «Кодовое слов2».
2022/03/17 22:00:43 [profile] [debug] FIND USER BY LOGIN:тест тест тест
2022/03/17 22:00:43 [profile] [debug] NOT FOUND USER:тест тест тест
2022/03/17 22:00:43 [profile] [debug] CREATE USER ERR:Необходимо заполнить поле «Кодовое слов2».
2022/03/17 22:00:47 [profile] [debug] FIND USER BY LOGIN:тест тест тест
2022/03/17 22:00:47 [profile] [debug] NOT FOUND USER:тест тест тест
2022/03/17 22:00:47 [profile] [debug] CREATE USER ERR:Необходимо заполнить поле «Кодовое слов2».
2022/03/17 22:01:59 [profile] [debug] FIND USER BY LOGIN:тест тест тест
2022/03/17 22:01:59 [profile] [debug] NOT FOUND USER:тест тест тест
2022/03/17 22:01:59 [profile] [debug] CREATE USER ERR:Необходимо заполнить поле «Кодовое слов2».
2022/03/17 22:02:03 [profile] [debug] FIND USER BY LOGIN:тест тест тест
2022/03/17 22:02:03 [profile] [debug] NOT FOUND USER:тест тест тест
2022/03/17 22:02:03 [profile] [debug] CREATE USER ERR:Необходимо заполнить поле «Кодовое слов2».
2022/03/17 22:03:28 [profile] [debug] FIND USER BY LOGIN:тест тест тест
2022/03/17 22:03:28 [profile] [debug] NOT FOUND USER:тест тест тест
2022/03/17 22:03:28 [profile] [debug] CREATE USER ERR:Необходимо заполнить поле «Кодовое слов2».
2022/03/17 22:04:43 [profile] [debug] FIND USER BY LOGIN:тест тест тест
2022/03/17 22:04:43 [profile] [debug] NOT FOUND USER:тест тест тест
2022/03/17 22:04:43 [profile] [debug] CREATE USER ERR:Необходимо заполнить поле «Кодовое слов2».
2022/03/17 22:06:02 [profile] [debug] FIND USER BY LOGIN:тест тест тест
2022/03/17 22:06:02 [profile] [debug] NOT FOUND USER:тест тест тест
2022/03/17 22:06:02 [profile] [debug] CREATE USER ERR:Необходимо заполнить поле «Кодовое слов2».
2022/03/17 22:08:11 [profile] [debug] FIND USER BY LOGIN:тест тест тест
2022/03/17 22:08:11 [profile] [debug] NOT FOUND USER:тест тест тест
2022/03/17 22:08:11 [profile] [debug] CREATE USER ERR:Необходимо заполнить поле «Кодовое слов2».
2022/03/17 22:08:50 [profile] [debug] FIND USER BY LOGIN:тест тест тест
2022/03/17 22:08:50 [profile] [debug] NOT FOUND USER:тест тест тест
2022/03/17 22:08:50 [profile] [debug] CREATE USER ERR:Необходимо заполнить поле «Кодовое слов2».
2022/03/17 22:09:03 [profile] [debug] FIND USER BY LOGIN:тест тест тест
2022/03/17 22:09:03 [profile] [debug] NOT FOUND USER:тест тест тест
2022/03/17 22:09:03 [profile] [debug] CREATE USER ERR:Необходимо заполнить поле «Кодовое слов2».
2022/03/17 22:09:54 [profile] [debug] FIND USER BY LOGIN:тест тест тест
2022/03/17 22:09:54 [profile] [debug] NOT FOUND USER:тест тест тест
2022/03/17 22:09:54 [profile] [debug] CREATE USER ERR:Необходимо заполнить поле «Кодовое слов2».
2022/03/17 22:10:00 [profile] [debug] FIND USER BY LOGIN:тест тест тест
2022/03/17 22:10:00 [profile] [debug] NOT FOUND USER:тест тест тест
2022/03/17 22:10:00 [profile] [debug] CREATE USER ERR:Необходимо заполнить поле «Кодовое слов2».
2022/03/17 22:12:50 [profile] [debug] FIND USER BY LOGIN:тест тест тест
2022/03/17 22:12:50 [profile] [debug] NOT FOUND USER:тест тест тест
2022/03/17 22:12:50 [profile] [debug] CREATE USER ERR:Необходимо заполнить поле «Кодовое слов2».
2022/03/17 22:13:57 [profile] [debug] FIND USER BY LOGIN:тест тест тест
2022/03/17 22:13:57 [profile] [debug] NOT FOUND USER:тест тест тест
2022/03/17 22:13:57 [profile] [debug] CREATE USER ERR:Необходимо заполнить поле «Кодовое слов».
2022/03/17 22:28:49 [profile] [debug] FIND USER BY LOGIN:тест тест тест
2022/03/17 22:28:49 [profile] [debug] NOT FOUND USER:тест тест тест
2022/03/17 22:28:49 [profile] [debug] CREATE USER ERR:Необходимо заполнить поле «Кодовое слов».
2022/03/17 22:29:24 [profile] [debug] FIND USER BY LOGIN:тест тест тест
2022/03/17 22:29:24 [profile] [debug] NOT FOUND USER:тест тест тест
2022/03/17 22:29:24 [profile] [debug] CREATE USER ERR:Необходимо заполнить поле «Кодовое слов».
2022/03/17 22:29:56 [profile] [debug] FIND USER BY LOGIN:тест тест тест
2022/03/17 22:29:56 [profile] [debug] NOT FOUND USER:тест тест тест
2022/03/17 22:29:56 [profile] [debug] CREATE USER ERR:Необходимо заполнить поле «Кодовое слов».
2022/03/17 22:38:19 [profile] [debug] FIND USER BY LOGIN:тест тест тест
2022/03/17 22:38:19 [profile] [debug] NOT FOUND USER:тест тест тест
2022/03/17 22:38:19 [profile] [debug] CREATE USER ERR:Необходимо заполнить поле «Кодовое слов23».
2022/03/17 22:41:13 [profile] [debug] FIND USER BY LOGIN:тест тест тест
2022/03/17 22:41:13 [profile] [debug] NOT FOUND USER:тест тест тест
2022/03/17 22:41:13 [profile] [debug] CREATE USER ERR:Необходимо заполнить поле «Кодовое слов23».
2022/03/17 22:47:32 [profile] [debug] FIND USER BY LOGIN:тест тест тест
2022/03/17 22:47:32 [profile] [debug] NOT FOUND USER:тест тест тест
2022/03/17 22:47:32 [profile] [debug] CREATE USER ERR:Необходимо заполнить поле «Кодовое слов23».
2022/03/17 22:49:21 [profile] [debug] FIND USER BY LOGIN:тест тест тест
2022/03/17 22:49:21 [profile] [debug] NOT FOUND USER:тест тест тест
2022/03/17 22:49:21 [profile] [debug] CREATE USER ERR:Необходимо заполнить поле «Кодовое слов23».
2022/03/17 23:09:10 [profile] [debug] FIND USER BY LOGIN:тест тест тест
2022/03/17 23:09:10 [profile] [debug] NOT FOUND USER:тест тест тест
2022/03/17 23:09:10 [profile] [debug] CREATE USER ERR:Необходимо заполнить поле «Кодовое слов23».
2022/03/17 23:10:23 [profile] [debug] FIND USER BY LOGIN:тест тест тест
2022/03/17 23:10:23 [profile] [debug] NOT FOUND USER:тест тест тест
2022/03/17 23:10:23 [profile] [debug] CREATE USER ERR:Необходимо заполнить поле «Кодовое слов23».
2022/03/17 23:13:21 [profile] [debug] FIND USER BY LOGIN:тест тест тест
2022/03/17 23:13:21 [profile] [debug] NOT FOUND USER:тест тест тест
2022/03/17 23:13:21 [profile] [debug] CREATE USER ERR:Необходимо заполнить поле «Кодовое слов23».
2022/03/17 23:16:38 [profile] [debug] FIND USER BY LOGIN:тест тест тест
2022/03/17 23:16:38 [profile] [debug] NOT FOUND USER:тест тест тест
2022/03/17 23:16:38 [profile] [debug] CREATE USER ERR:Необходимо заполнить поле «Кодовое слов23».
2022/03/17 23:20:47 [profile] [debug] FIND USER BY LOGIN:тест тест тест
2022/03/17 23:20:47 [profile] [debug] NOT FOUND USER:тест тест тест
2022/03/17 23:20:47 [profile] [debug] CREATE USER ERR:Необходимо заполнить поле «Кодовое слов23».
2022/03/17 23:22:16 [profile] [debug] FIND USER BY LOGIN:тест тест тест
2022/03/17 23:22:16 [profile] [debug] NOT FOUND USER:тест тест тест
2022/03/17 23:22:16 [profile] [debug] CREATE USER ERR:Необходимо заполнить поле «Кодовое слов23».
2022/03/17 23:22:49 [profile] [debug] FIND USER BY LOGIN:тест тест тест
2022/03/17 23:22:49 [profile] [debug] NOT FOUND USER:тест тест тест
2022/03/17 23:22:49 [profile] [debug] CREATE USER ERR:Необходимо заполнить поле «Кодовое слов23».
2022/03/17 23:26:13 [profile] [debug] FIND USER BY LOGIN:тест тест тест
2022/03/17 23:26:13 [profile] [debug] NOT FOUND USER:тест тест тест
2022/03/17 23:26:13 [profile] [debug] CREATE USER ERR:Необходимо заполнить поле «Кодовое слов23».
2022/03/17 23:26:56 [profile] [debug] FIND USER BY LOGIN:тест тест тест
2022/03/17 23:26:56 [profile] [debug] NOT FOUND USER:тест тест тест
2022/03/17 23:26:56 [profile] [debug] CREATE USER ERR:Необходимо заполнить поле «Кодовое слов23».
2022/03/17 23:27:03 [profile] [debug] FIND USER BY LOGIN:тест тест тест
2022/03/17 23:27:03 [profile] [debug] NOT FOUND USER:тест тест тест
2022/03/17 23:27:03 [profile] [debug] CREATE USER ERR:Необходимо заполнить поле «Кодовое слов23».
2022/03/17 23:28:14 [profile] [debug] FIND USER BY LOGIN:тест тест тест
2022/03/17 23:28:14 [profile] [debug] NOT FOUND USER:тест тест тест
2022/03/17 23:28:14 [profile] [debug] CREATE USER ERR:Необходимо заполнить поле «Кодовое слов23».
2022/03/17 23:29:44 [profile] [debug] FIND USER BY LOGIN:тест тест тест
2022/03/17 23:29:44 [profile] [debug] NOT FOUND USER:тест тест тест
2022/03/17 23:29:44 [profile] [debug] CREATE USER OK:4457
2022/03/17 23:32:47 [profile] [debug] FIND USER BY LOGIN:тест тест тест
2022/03/17 23:32:47 [profile] [debug] NOT FOUND USER:тест тест тест
2022/03/17 23:32:47 [profile] [debug] CREATE USER ERR:ФИО "тест тест тест" уже занят..Необходимо заполнить поле «Кодовое слов».
2022/03/17 23:36:08 [profile] [debug] FIND USER BY LOGIN:тест тест привет
2022/03/17 23:36:08 [profile] [debug] NOT FOUND USER:тест тест привет
2022/03/17 23:36:08 [profile] [debug] CREATE USER ERR:Необходимо заполнить поле «Кодовое слово».
2022/03/17 23:38:15 [profile] [debug] FIND USER BY LOGIN:тест тест привет
2022/03/17 23:38:15 [profile] [debug] NOT FOUND USER:тест тест привет
2022/03/17 23:38:15 [profile] [debug] CREATE USER ERR:Необходимо заполнить поле «Кодовое слово».
2022/03/17 23:39:22 [profile] [debug] FIND USER BY LOGIN:тест тест привет
2022/03/17 23:39:22 [profile] [debug] NOT FOUND USER:тест тест привет
2022/03/17 23:39:22 [profile] [debug] CREATE USER ERR:Необходимо заполнить поле «Кодовое слово».
2022/03/17 23:41:01 [profile] [debug] FIND USER BY LOGIN:тест тест привет
2022/03/17 23:41:01 [profile] [debug] NOT FOUND USER:тест тест привет
2022/03/17 23:41:01 [profile] [debug] CREATE USER ERR:Необходимо заполнить поле «Кодовое слово».
2022/03/17 23:43:16 [profile] [debug] FIND USER BY LOGIN:тест тест привет
2022/03/17 23:43:16 [profile] [debug] NOT FOUND USER:тест тест привет
2022/03/17 23:43:16 [profile] [debug] CREATE USER ERR:Необходимо заполнить поле «Кодовое слово».
2022/03/17 23:44:10 [profile] [debug] FIND USER BY LOGIN:тест тест привет
2022/03/17 23:44:10 [profile] [debug] NOT FOUND USER:тест тест привет
2022/03/17 23:44:10 [profile] [debug] CREATE USER OK:4458
2022/03/17 23:44:38 [profile] [debug] FIND USER BY LOGIN:тест тест приветпав
2022/03/17 23:44:38 [profile] [debug] NOT FOUND USER:тест тест приветпав
2022/03/17 23:44:38 [profile] [debug] CREATE USER OK:4459
2022/03/17 23:44:38 [profile] [debug] FIND USER BY LOGIN:тест тест приветпав
2022/03/17 23:44:38 [profile] [debug] FOUND USER BY LOGIN:тест тест приветпав ID:4459
2022/03/18 14:39:11 [profile] [debug] FIND USER BY LOGIN:Попова Любовь Ивановна
2022/03/18 14:39:11 [profile] [debug] FOUND USER BY LOGIN:Попова Любовь Ивановна ID:4443
2022/03/18 14:39:11 [profile] [debug] FIND USER BY LOGIN:Попова Любовь Ивановна
2022/03/18 14:39:11 [profile] [debug] FOUND USER BY LOGIN:Попова Любовь Ивановна ID:4443
2022/03/20 10:13:38 [profile] [debug] FIND USER BY LOGIN:тест тест приветпав
2022/03/20 10:13:38 [profile] [debug] FOUND USER BY LOGIN:тест тест приветпав ID:4459
2022/03/20 10:14:03 [profile] [debug] FIND USER BY LOGIN:тест тест приветпав
2022/03/20 10:14:03 [profile] [debug] FOUND USER BY LOGIN:тест тест приветпав ID:4459
2022/03/20 10:14:08 [profile] [debug] FIND USER BY LOGIN:тест тест приветпав
2022/03/20 10:14:08 [profile] [debug] FOUND USER BY LOGIN:тест тест приветпав ID:4459
2022/03/21 09:50:42 [profile] [debug] FIND USER BY LOGIN:тест тест приветвыапав
2022/03/21 09:50:42 [profile] [debug] NOT FOUND USER:тест тест приветвыапав
2022/03/21 09:50:42 [profile] [debug] CREATE USER ERR:Необходимо заполнить поле «Кодовое слово».
2022/03/21 09:52:43 [profile] [debug] FIND USER BY LOGIN:тест тест приветвыапав
2022/03/21 09:52:43 [profile] [debug] NOT FOUND USER:тест тест приветвыапав
2022/03/21 09:52:43 [profile] [debug] CREATE USER ERR:Необходимо заполнить поле «Кодовое слово».
2022/03/21 09:54:17 [profile] [debug] FIND USER BY LOGIN:тест тест приветвыапав
2022/03/21 09:54:17 [profile] [debug] NOT FOUND USER:тест тест приветвыапав
2022/03/21 09:54:17 [profile] [debug] CREATE USER ERR:Необходимо заполнить поле «Кодовое слово».
2022/03/21 09:54:22 [profile] [debug] FIND USER BY LOGIN:тест тест приветвыапав
2022/03/21 09:54:22 [profile] [debug] NOT FOUND USER:тест тест приветвыапав
2022/03/21 09:54:22 [profile] [debug] CREATE USER ERR:Необходимо заполнить поле «Кодовое слово».
2022/03/21 09:55:43 [profile] [debug] FIND USER BY LOGIN:тест тест приветвыапав
2022/03/21 09:55:43 [profile] [debug] NOT FOUND USER:тест тест приветвыапав
2022/03/21 09:55:43 [profile] [debug] CREATE USER ERR:Необходимо заполнить поле «Кодовое слово».
2022/03/21 09:56:50 [profile] [debug] FIND USER BY LOGIN:тест тест приветвыапав
2022/03/21 09:56:50 [profile] [debug] NOT FOUND USER:тест тест приветвыапав
2022/03/21 09:56:50 [profile] [debug] CREATE USER ERR:Необходимо заполнить поле «Кодовое слово».
2022/03/21 09:57:23 [profile] [debug] FIND USER BY LOGIN:тест тест приветвыапав
2022/03/21 09:57:23 [profile] [debug] NOT FOUND USER:тест тест приветвыапав
2022/03/21 09:57:23 [profile] [debug] CREATE USER ERR:Необходимо заполнить поле «Кодовое слово».
2022/03/21 09:58:37 [profile] [debug] FIND USER BY LOGIN:тест тест приветвыапав
2022/03/21 09:58:37 [profile] [debug] NOT FOUND USER:тест тест приветвыапав
2022/03/21 09:58:37 [profile] [debug] CREATE USER ERR:Необходимо заполнить поле «Кодовое слово».
2022/03/21 09:58:49 [profile] [debug] FIND USER BY LOGIN:тест тест приветвыапав
2022/03/21 09:58:49 [profile] [debug] NOT FOUND USER:тест тест приветвыапав
2022/03/21 09:58:49 [profile] [debug] CREATE USER ERR:Необходимо заполнить поле «Кодовое слово».
2022/03/21 09:59:46 [profile] [debug] FIND USER BY LOGIN:тест тест приветвыапав
2022/03/21 09:59:46 [profile] [debug] NOT FOUND USER:тест тест приветвыапав
2022/03/21 09:59:46 [profile] [debug] CREATE USER ERR:Необходимо заполнить поле «Кодовое слово».
2022/03/21 10:00:34 [profile] [debug] FIND USER BY LOGIN:тест тест приветвыапав
2022/03/21 10:00:34 [profile] [debug] NOT FOUND USER:тест тест приветвыапав
2022/03/21 10:00:34 [profile] [debug] CREATE USER OK:4460
2022/03/22 20:26:44 [profile] [debug] FIND USER BY LOGIN:тест тест тест
2022/03/22 20:26:44 [profile] [debug] NOT FOUND USER:тест тест тест
2022/03/22 20:26:44 [profile] [debug] CREATE USER OK:4461
2022/03/22 20:33:00 [profile] [debug] FIND USER BY LOGIN:тест тест тсет
2022/03/22 20:33:00 [profile] [debug] NOT FOUND USER:тест тест тсет
2022/03/22 20:33:00 [profile] [debug] CREATE USER ERR:Необходимо заполнить поле «Кодовое слово».
2022/03/22 20:33:38 [profile] [debug] FIND USER BY LOGIN:тест тест тсет
2022/03/22 20:33:38 [profile] [debug] NOT FOUND USER:тест тест тсет
2022/03/22 20:33:38 [profile] [debug] CREATE USER ERR:Необходимо заполнить поле «Кодовое слово».
2022/03/22 20:33:43 [profile] [debug] FIND USER BY LOGIN:тест тест тсет
2022/03/22 20:33:43 [profile] [debug] NOT FOUND USER:тест тест тсет
2022/03/22 20:33:43 [profile] [debug] CREATE USER ERR:Необходимо заполнить поле «Кодовое слово».
2022/03/22 20:34:26 [profile] [debug] FIND USER BY LOGIN:тест тест тсет
2022/03/22 20:34:26 [profile] [debug] NOT FOUND USER:тест тест тсет
2022/03/22 20:34:26 [profile] [debug] CREATE USER ERR:Необходимо заполнить поле «Кодовое слово».
2022/03/22 20:34:31 [profile] [debug] FIND USER BY LOGIN:тест тест тсет
2022/03/22 20:34:31 [profile] [debug] NOT FOUND USER:тест тест тсет
2022/03/22 20:34:31 [profile] [debug] CREATE USER ERR:Необходимо заполнить поле «Кодовое слово».
2022/03/22 20:35:50 [profile] [debug] FIND USER BY LOGIN:тест тест тсет
2022/03/22 20:35:50 [profile] [debug] NOT FOUND USER:тест тест тсет
2022/03/22 20:35:50 [profile] [debug] CREATE USER ERR:Необходимо заполнить поле «Кодовое слово».
2022/03/22 20:35:55 [profile] [debug] FIND USER BY LOGIN:тест тест тсет
2022/03/22 20:35:55 [profile] [debug] NOT FOUND USER:тест тест тсет
2022/03/22 20:35:55 [profile] [debug] CREATE USER ERR:Необходимо заполнить поле «Кодовое слово».
2022/03/22 20:35:58 [profile] [debug] FIND USER BY LOGIN:тест тест тсет
2022/03/22 20:35:58 [profile] [debug] NOT FOUND USER:тест тест тсет
2022/03/22 20:35:58 [profile] [debug] CREATE USER ERR:Необходимо заполнить поле «Кодовое слово».
2022/03/22 20:36:03 [profile] [debug] FIND USER BY LOGIN:тест тест тсет
2022/03/22 20:36:03 [profile] [debug] NOT FOUND USER:тест тест тсет
2022/03/22 20:36:03 [profile] [debug] CREATE USER ERR:Необходимо заполнить поле «Кодовое слово».
2022/03/22 20:36:46 [profile] [debug] FIND USER BY LOGIN:тест тест тсет
2022/03/22 20:36:46 [profile] [debug] NOT FOUND USER:тест тест тсет
2022/03/22 20:36:46 [profile] [debug] CREATE USER ERR:Необходимо заполнить поле «Кодовое слово».
2022/03/22 20:36:51 [profile] [debug] FIND USER BY LOGIN:тест тест тсет
2022/03/22 20:36:51 [profile] [debug] NOT FOUND USER:тест тест тсет
2022/03/22 20:36:51 [profile] [debug] CREATE USER ERR:Необходимо заполнить поле «Кодовое слово».
2022/03/22 20:37:21 [profile] [debug] FIND USER BY LOGIN:тест тест тест
2022/03/22 20:37:21 [profile] [debug] NOT FOUND USER:тест тест тест
2022/03/22 20:37:21 [profile] [debug] CREATE USER ERR:Необходимо заполнить поле «Кодовое слово».
2022/03/22 20:38:00 [profile] [debug] FIND USER BY LOGIN:тест тест тест
2022/03/22 20:38:00 [profile] [debug] NOT FOUND USER:тест тест тест
2022/03/22 20:38:00 [profile] [debug] CREATE USER ERR:Необходимо заполнить поле «Кодовое слово».
2022/03/22 20:48:23 [profile] [debug] FIND USER BY LOGIN:тест тест тест
2022/03/22 20:48:23 [profile] [debug] NOT FOUND USER:тест тест тест
2022/03/22 20:48:23 [profile] [debug] CREATE USER ERR:Необходимо заполнить поле «Кодовое слово».
2022/03/22 20:48:47 [profile] [debug] FIND USER BY LOGIN:тест тест тест
2022/03/22 20:48:47 [profile] [debug] NOT FOUND USER:тест тест тест
2022/03/22 20:48:47 [profile] [debug] CREATE USER ERR:Необходимо заполнить поле «Кодовое слово».
2022/03/22 20:54:50 [profile] [debug] FIND USER BY LOGIN:тест тест тест
2022/03/22 20:54:50 [profile] [debug] NOT FOUND USER:тест тест тест
2022/03/22 20:54:50 [profile] [debug] CREATE USER OK:4462
2022/03/22 20:57:18 [profile] [debug] FIND USER BY LOGIN:тест тест тест
2022/03/22 20:57:18 [profile] [debug] NOT FOUND USER:тест тест тест
2022/03/22 20:57:18 [profile] [debug] CREATE USER ERR:Необходимо заполнить поле «Кодовое слово».
2022/03/22 21:00:06 [profile] [debug] FIND USER BY LOGIN:тест тест тест
2022/03/22 21:00:06 [profile] [debug] NOT FOUND USER:тест тест тест
2022/03/22 21:00:06 [profile] [debug] CREATE USER ERR:Необходимо заполнить поле «Кодовое слово».
2022/03/22 21:04:00 [profile] [debug] FIND USER BY LOGIN:тест тест тест
2022/03/22 21:04:00 [profile] [debug] NOT FOUND USER:тест тест тест
2022/03/22 21:04:00 [profile] [debug] CREATE USER OK:4463
2022/03/22 21:04:47 [profile] [debug] FIND USER BY LOGIN:тест тест приветпав
2022/03/22 21:04:47 [profile] [debug] NOT FOUND USER:тест тест приветпав
2022/03/22 21:04:47 [profile] [debug] CREATE USER OK:4464
2022/03/22 22:43:54 [profile] [debug] FIND USER BY LOGIN:Попова Любовь Ивановна
2022/03/22 22:43:54 [profile] [debug] NOT FOUND USER:Попова Любовь Ивановна
2022/03/22 22:43:54 [profile] [debug] CREATE USER OK:4465
2022/03/22 22:44:13 [profile] [debug] FIND USER BY LOGIN:Попова Любовь Ивановна
2022/03/22 22:44:13 [profile] [debug] NOT FOUND USER:Попова Любовь Ивановна
2022/03/22 22:44:13 [profile] [debug] CREATE USER OK:4466
2022/03/22 22:53:10 [profile] [debug] FIND USER BY LOGIN:Иванов Иван Иванович
2022/03/22 22:53:10 [profile] [debug] NOT FOUND USER:Иванов Иван Иванович
2022/03/22 22:53:10 [profile] [debug] CREATE USER OK:4467
2022/03/23 09:09:37 [profile] [debug] FIND USER BY LOGIN:Попов Попово Попов
2022/03/23 09:09:37 [profile] [debug] NOT FOUND USER:Попов Попово Попов
2022/03/23 09:09:37 [profile] [debug] CREATE USER OK:4468
2022/03/23 22:37:33 [profile] [debug] FIND USER BY LOGIN:Петров Петр Петрович
2022/03/23 22:37:33 [profile] [debug] NOT FOUND USER:Петров Петр Петрович
2022/03/23 22:37:33 [profile] [debug] CREATE USER OK:4469
2022/03/25 11:36:22 [profile] [debug] FIND USER BY LOGIN:тест тест приветпав
2022/03/25 11:36:22 [profile] [debug] NOT FOUND USER:тест тест приветпав
2022/03/25 11:36:22 [profile] [debug] CREATE USER ERR:ФИО "тест тест приветпав" уже занят.
2022/03/25 11:36:34 [profile] [debug] FIND USER BY LOGIN:тест тест привыавывпетпав
2022/03/25 11:36:34 [profile] [debug] NOT FOUND USER:тест тест привыавывпетпав
2022/03/25 11:36:34 [profile] [debug] CREATE USER OK:4470
2022/03/27 10:10:42 [profile] [debug] FIND USER BY LOGIN:тестееукрпвр
2022/03/27 10:10:42 [profile] [debug] NOT FOUND USER:тестееукрпвр
2022/03/27 10:10:42 [profile] [debug] CREATE USER ERR:Необходимо заполнить поле «Кодовое слово».
2022/03/27 10:12:27 [profile] [debug] FIND USER BY LOGIN:тестееукрпвр
2022/03/27 10:12:27 [profile] [debug] NOT FOUND USER:тестееукрпвр
2022/03/27 10:12:27 [profile] [debug] CREATE USER ERR:Необходимо заполнить поле «Кодовое слово».
2022/03/27 10:12:51 [profile] [debug] FIND USER BY LOGIN:тестееукрпвр
2022/03/27 10:12:51 [profile] [debug] NOT FOUND USER:тестееукрпвр
2022/03/27 10:12:51 [profile] [debug] CREATE USER ERR:Необходимо заполнить поле «Кодовое слово».
2022/03/27 10:13:06 [profile] [debug] FIND USER BY LOGIN:тестееукрпвр
2022/03/27 10:13:06 [profile] [debug] NOT FOUND USER:тестееукрпвр
2022/03/27 10:13:06 [profile] [debug] CREATE USER ERR:Необходимо заполнить поле «Кодовое слово».
2022/03/27 10:16:38 [profile] [debug] FIND USER BY LOGIN:тест тест привыавывпетпав
2022/03/27 10:16:38 [profile] [debug] NOT FOUND USER:тест тест привыавывпетпав
2022/03/27 10:16:38 [profile] [debug] CREATE USER ERR:ФИО "тест тест привыавывпетпав" уже занят.
2022/03/27 10:17:08 [profile] [debug] FIND USER BY LOGIN:авва апв вап
2022/03/27 10:17:08 [profile] [debug] NOT FOUND USER:авва апв вап
2022/03/27 10:17:08 [profile] [debug] CREATE USER OK:4471
2022/04/06 12:05:13 [profile] [debug] FIND USER BY LOGIN:Механический завод Воронеж
2022/04/06 12:05:13 [profile] [debug] NOT FOUND USER:Механический завод Воронеж
2022/04/06 12:05:13 [profile] [debug] CREATE USER OK:4472
